# JRE version: Java(TM) SE Runtime Environment (11.0.3+12) (build 11.0.3+12-LTS)
# Java VM: Java HotSpot(TM) 64-Bit Server VM (11.0.3+12-LTS, mixed mode, tiered, compressed oops, g1 gc, windows-amd64)
Heap:
 garbage-first heap   total 258048K, used 33635K [0x0000000705600000, 0x0000000800000000)
  region size 1024K, 26 young (26624K), 2 survivors (2048K)
 Metaspace       used 25267K, capacity 25623K, committed 25728K, reserved 1071104K
  class space    used 2988K, capacity 3106K, committed 3200K, reserved 1048576K
GC Heap History (6 events):
Event: 1.785 GC heap before
{Heap before GC invocations=0 (full 0):
 garbage-first heap   total 258048K, used 24576K [0x0000000705600000, 0x0000000800000000)
  region size 1024K, 24 young (24576K), 0 survivors (0K)
 Metaspace       used 16345K, capacity 16631K, committed 16768K, reserved 1064960K
  class space    used 1694K, capacity 1793K, committed 1920K, reserved 1048576K
}
Event: 1.795 GC heap after
{Heap after GC invocations=1 (full 0):
 garbage-first heap   total 258048K, used 8996K [0x0000000705600000, 0x0000000800000000)
  region size 1024K, 3 young (3072K), 3 survivors (3072K)
 Metaspace       used 16345K, capacity 16631K, committed 16768K, reserved 1064960K
  class space    used 1694K, capacity 1793K, committed 1920K, reserved 1048576K
}
Event: 2.193 GC heap before
{Heap before GC invocations=1 (full 0):
 garbage-first heap   total 258048K, used 21284K [0x0000000705600000, 0x0000000800000000)
  region size 1024K, 15 young (15360K), 3 survivors (3072K)
 Metaspace       used 19621K, capacity 19840K, committed 20096K, reserved 1067008K
  class space    used 2066K, capacity 2159K, committed 2176K, reserved 1048576K
}
Event: 2.198 GC heap after
{Heap after GC invocations=2 (full 0):
 garbage-first heap   total 258048K, used 9772K [0x0000000705600000, 0x0000000800000000)
  region size 1024K, 1 young (1024K), 1 survivors (1024K)
 Metaspace       used 19621K, capacity 19840K, committed 20096K, reserved 1067008K
  class space    used 2066K, capacity 2159K, committed 2176K, reserved 1048576K
}
Event: 2.462 GC heap before
{Heap before GC invocations=2 (full 0):
 garbage-first heap   total 258048K, used 20012K [0x0000000705600000, 0x0000000800000000)
  region size 1024K, 12 young (12288K), 1 survivors (1024K)
 Metaspace       used 20899K, capacity 21176K, committed 21248K, reserved 1069056K
  class space    used 2411K, capacity 2516K, committed 2560K, reserved 1048576K
}
Event: 2.464 GC heap after
{Heap after GC invocations=3 (full 0):
 garbage-first heap   total 258048K, used 10083K [0x0000000705600000, 0x0000000800000000)
  region size 1024K, 2 young (2048K), 2 survivors (2048K)
 Metaspace       used 20899K, capacity 21176K, committed 21248K, reserved 1069056K
  class space    used 2411K, capacity 2516K, committed 2560K, reserved 1048576K
}

