<?xml version="1.0" encoding="UTF-8"?>
<!-- Generated by org.testng.reporters.JUnitXMLReporter -->
<testsuite ignored="0" hostname="IN-PG02NJPK" failures="0" tests="5" name="Default test" time="88.872" errors="0" timestamp="22 Mar 2022 16:44:34 GMT">
  <testcase classname="cucumber.api.testng.AbstractTestNGCucumberTests" name="feature" time="17.683"/>
  <testcase classname="cucumber.api.testng.AbstractTestNGCucumberTests" name="feature" time="18.498"/>
  <testcase classname="cucumber.api.testng.AbstractTestNGCucumberTests" name="feature" time="17.222"/>
  <testcase classname="cucumber.api.testng.AbstractTestNGCucumberTests" name="feature" time="16.394"/>
  <testcase classname="cucumber.api.testng.AbstractTestNGCucumberTests" name="feature" time="18.768"/>
</testsuite> <!-- Default test -->
