<?xml version="1.0" encoding="UTF-8"?>
<!-- Generated by org.testng.reporters.JUnitXMLReporter -->
<testsuite ignored="0" hostname="IN-PG02NJPK" failures="0" tests="7" name="Test" time="0.313" errors="0" timestamp="21 Mar 2022 04:24:51 GMT">
  <testcase classname="cucumber.api.testng.AbstractTestNGCucumberTests" name="feature" time="0.037"/>
  <testcase classname="cucumber.api.testng.AbstractTestNGCucumberTests" name="feature" time="0.002"/>
  <testcase classname="cucumber.api.testng.AbstractTestNGCucumberTests" name="feature" time="0.003"/>
  <testcase classname="cucumber.api.testng.AbstractTestNGCucumberTests" name="feature" time="0.003"/>
  <testcase classname="cucumber.api.testng.AbstractTestNGCucumberTests" name="feature" time="0.002"/>
  <testcase classname="cucumber.api.testng.AbstractTestNGCucumberTests" name="feature" time="0.004"/>
  <testcase classname="cucumber.api.testng.AbstractTestNGCucumberTests" name="feature" time="0.002"/>
</testsuite> <!-- Test -->
