<?xml version="1.0" encoding="UTF-8"?>
<testng-results ignored="0" total="5" passed="5" failed="0" skipped="0">
  <reporter-output>
  </reporter-output>
  <suite started-at="2022-03-22T16:43:05Z" name="Default suite" finished-at="2022-03-22T16:44:34Z" duration-ms="88872">
    <groups>
      <group name="cucumber">
        <method signature="AbstractTestNGCucumberTests.feature(cucumber.api.testng.CucumberFeatureWrapper)[pri:0, instance:runner.AddButtonRunner@28d18df5]" name="feature" class="cucumber.api.testng.AbstractTestNGCucumberTests"/>
      </group> <!-- cucumber -->
    </groups>
    <test started-at="2022-03-22T16:43:05Z" name="Default test" finished-at="2022-03-22T16:44:34Z" duration-ms="88872">
      <class name="runner.AddButtonRunner">
        <test-method is-config="true" signature="setUpClass()[pri:0, instance:runner.AddButtonRunner@28d18df5]" started-at="2022-03-22T22:13:05Z" name="setUpClass" finished-at="2022-03-22T22:13:06Z" duration-ms="209" status="PASS">
          <reporter-output>
          </reporter-output>
        </test-method> <!-- setUpClass -->
        <test-method signature="feature(cucumber.api.testng.CucumberFeatureWrapper)[pri:0, instance:runner.AddButtonRunner@28d18df5]" started-at="2022-03-22T22:13:06Z" name="feature" description="Runs Cucumber Feature" data-provider="features" finished-at="2022-03-22T22:13:23Z" duration-ms="17683" status="PASS">
          <params>
            <param index="0">
              <value>
                <![CDATA[]]>
              </value>
            </param>
          </params>
          <reporter-output>
          </reporter-output>
        </test-method> <!-- feature -->
        <test-method signature="feature(cucumber.api.testng.CucumberFeatureWrapper)[pri:0, instance:runner.AddButtonRunner@28d18df5]" started-at="2022-03-22T22:13:23Z" name="feature" description="Runs Cucumber Feature" data-provider="features" finished-at="2022-03-22T22:13:42Z" duration-ms="18498" status="PASS">
          <params>
            <param index="0">
              <value>
                <![CDATA[]]>
              </value>
            </param>
          </params>
          <reporter-output>
          </reporter-output>
        </test-method> <!-- feature -->
        <test-method signature="feature(cucumber.api.testng.CucumberFeatureWrapper)[pri:0, instance:runner.AddButtonRunner@28d18df5]" started-at="2022-03-22T22:13:42Z" name="feature" description="Runs Cucumber Feature" data-provider="features" finished-at="2022-03-22T22:13:59Z" duration-ms="17222" status="PASS">
          <params>
            <param index="0">
              <value>
                <![CDATA[]]>
              </value>
            </param>
          </params>
          <reporter-output>
          </reporter-output>
        </test-method> <!-- feature -->
        <test-method signature="feature(cucumber.api.testng.CucumberFeatureWrapper)[pri:0, instance:runner.AddButtonRunner@28d18df5]" started-at="2022-03-22T22:13:59Z" name="feature" description="Runs Cucumber Feature" data-provider="features" finished-at="2022-03-22T22:14:15Z" duration-ms="16394" status="PASS">
          <params>
            <param index="0">
              <value>
                <![CDATA[]]>
              </value>
            </param>
          </params>
          <reporter-output>
          </reporter-output>
        </test-method> <!-- feature -->
        <test-method signature="feature(cucumber.api.testng.CucumberFeatureWrapper)[pri:0, instance:runner.AddButtonRunner@28d18df5]" started-at="2022-03-22T22:14:15Z" name="feature" description="Runs Cucumber Feature" data-provider="features" finished-at="2022-03-22T22:14:34Z" duration-ms="18768" status="PASS">
          <params>
            <param index="0">
              <value>
                <![CDATA[]]>
              </value>
            </param>
          </params>
          <reporter-output>
          </reporter-output>
        </test-method> <!-- feature -->
        <test-method is-config="true" signature="tearDownClass()[pri:0, instance:runner.AddButtonRunner@28d18df5]" started-at="2022-03-22T22:14:34Z" name="tearDownClass" finished-at="2022-03-22T22:14:34Z" duration-ms="4" status="PASS">
          <reporter-output>
          </reporter-output>
        </test-method> <!-- tearDownClass -->
      </class> <!-- runner.AddButtonRunner -->
    </test> <!-- Default test -->
  </suite> <!-- Default suite -->
</testng-results>
